   Compiling itc-evm v0.1.0 (/root/itc-node-rs/crates/itc-evm)
warning: unnecessary parentheses around index expression
   --> crates/itc-anchor/src/tx.rs:214:24
    |
214 |         out.push(CHARS[(b0 >> 2)] as char);
    |                        ^       ^
    |
    = note: `#[warn(unused_parens)]` (part of `#[warn(unused)]`) on by default
help: remove these parentheses
    |
214 -         out.push(CHARS[(b0 >> 2)] as char);
214 +         out.push(CHARS[b0 >> 2] as char);
    |

warning: `itc-anchor` (lib) generated 1 warning (run `cargo fix --lib -p itc-anchor` to apply 1 suggestion)
   Compiling itc-oracle v0.2.0 (/root/itc-node-rs/crates/itc-oracle)
   Compiling itc-rpc v0.3.0 (/root/itc-node-rs/crates/itc-rpc)
error[E0433]: failed to resolve: use of unresolved module or unlinked crate `revm`
 --> crates/itc-rpc/src/handler.rs:5:5
  |
5 | use revm::primitives::{Address, Bytes, TransactTo, TxEnv, U256};
  |     ^^^^ use of unresolved module or unlinked crate `revm`
  |
  = help: if you wanted to use a crate named `revm`, use `cargo add revm` to add it to your `Cargo.toml`

error[E0433]: failed to resolve: use of unresolved module or unlinked crate `revm`
   --> crates/itc-rpc/src/handler.rs:197:9
    |
197 |     use revm::db::DatabaseRef;
    |         ^^^^ use of unresolved module or unlinked crate `revm`
    |
    = help: if you wanted to use a crate named `revm`, use `cargo add revm` to add it to your `Cargo.toml`

error[E0433]: failed to resolve: use of unresolved module or unlinked crate `revm`
   --> crates/itc-rpc/src/handler.rs:206:9
    |
206 |     use revm::db::DatabaseRef;
    |         ^^^^ use of unresolved module or unlinked crate `revm`
    |
    = help: if you wanted to use a crate named `revm`, use `cargo add revm` to add it to your `Cargo.toml`

error[E0433]: failed to resolve: use of unresolved module or unlinked crate `revm`
   --> crates/itc-rpc/src/handler.rs:215:9
    |
215 |     use revm::db::DatabaseRef;
    |         ^^^^ use of unresolved module or unlinked crate `revm`
    |
    = help: if you wanted to use a crate named `revm`, use `cargo add revm` to add it to your `Cargo.toml`

error[E0433]: failed to resolve: use of unresolved module or unlinked crate `revm`
   --> crates/itc-rpc/src/handler.rs:321:9
    |
321 |     use revm::primitives::keccak256;
    |         ^^^^ use of unresolved module or unlinked crate `revm`
    |
    = help: if you wanted to use a crate named `revm`, use `cargo add revm` to add it to your `Cargo.toml`

error[E0433]: failed to resolve: use of unresolved module or unlinked crate `revm`
  --> crates/itc-oracle/src/utxo.rs:22:5
   |
22 | use revm::primitives::{Address, KECCAK_EMPTY, U256};
   |     ^^^^ use of unresolved module or unlinked crate `revm`
   |
   = help: if you wanted to use a crate named `revm`, use `cargo add revm` to add it to your `Cargo.toml`

error[E0433]: failed to resolve: use of unresolved module or unlinked crate `revm`
   --> crates/itc-oracle/src/utxo.rs:143:13
    |
143 |         use revm::db::DatabaseRef;
    |             ^^^^ use of unresolved module or unlinked crate `revm`
    |
    = help: if you wanted to use a crate named `revm`, use `cargo add revm` to add it to your `Cargo.toml`

error[E0433]: failed to resolve: use of unresolved module or unlinked crate `revm`
  --> crates/itc-oracle/src/oracle.rs:15:5
   |
15 | use revm::primitives::{Address, U256};
   |     ^^^^ use of unresolved module or unlinked crate `revm`
   |
   = help: if you wanted to use a crate named `revm`, use `cargo add revm` to add it to your `Cargo.toml`

error[E0433]: failed to resolve: use of unresolved module or unlinked crate `revm`
  --> crates/itc-rpc/src/handler.rs:87:25
   |
87 |                         revm::primitives::ExecutionResult::Success { output, .. } => {
   |                         ^^^^ use of unresolved module or unlinked crate `revm`
   |
   = help: if you wanted to use a crate named `revm`, use `cargo add revm` to add it to your `Cargo.toml`

error[E0433]: failed to resolve: use of unresolved module or unlinked crate `revm`
  --> crates/itc-rpc/src/handler.rs:90:25
   |
90 |                         revm::primitives::ExecutionResult::Revert { output, .. } => {
   |                         ^^^^ use of unresolved module or unlinked crate `revm`
   |
   = help: if you wanted to use a crate named `revm`, use `cargo add revm` to add it to your `Cargo.toml`

error[E0433]: failed to resolve: use of unresolved module or unlinked crate `revm`
  --> crates/itc-rpc/src/handler.rs:95:25
   |
95 |                         revm::primitives::ExecutionResult::Halt { reason, .. } => {
   |                         ^^^^ use of unresolved module or unlinked crate `revm`
   |
   = help: if you wanted to use a crate named `revm`, use `cargo add revm` to add it to your `Cargo.toml`

error[E0433]: failed to resolve: use of unresolved module or unlinked crate `revm`
   --> crates/itc-rpc/src/handler.rs:113:25
    |
113 |                         revm::primitives::ExecutionResult::Success { gas_used, .. } => gas_used,
    |                         ^^^^ use of unresolved module or unlinked crate `revm`
    |
    = help: if you wanted to use a crate named `revm`, use `cargo add revm` to add it to your `Cargo.toml`

error[E0433]: failed to resolve: use of unresolved module or unlinked crate `revm`
   --> crates/itc-oracle/src/oracle.rs:335:48
    |
335 |             "code_hash":  NedbState::hash_key(&revm::primitives::KECCAK_EMPTY),
    |                                                ^^^^ use of unresolved module or unlinked crate `revm`
    |
    = help: if you wanted to use a crate named `revm`, use `cargo add revm` to add it to your `Cargo.toml`

error[E0433]: failed to resolve: use of unresolved module or unlinked crate `revm`
   --> crates/itc-rpc/src/handler.rs:218:35
    |
218 |         Some(i) if i.code_hash != revm::primitives::KECCAK_EMPTY => {
    |                                   ^^^^ use of unresolved module or unlinked crate `revm`
    |
    = help: if you wanted to use a crate named `revm`, use `cargo add revm` to add it to your `Cargo.toml`

error[E0433]: failed to resolve: use of unresolved module or unlinked crate `revm`
   --> crates/itc-rpc/src/handler.rs:268:40
    |
268 |             None => TransactTo::Create(revm::primitives::CreateScheme::Create),
    |                                        ^^^^ use of unresolved module or unlinked crate `revm`
    |
    = help: if you wanted to use a crate named `revm`, use `cargo add revm` to add it to your `Cargo.toml`

error[E0433]: failed to resolve: use of unresolved module or unlinked crate `revm`
   --> crates/itc-rpc/src/handler.rs:284:48
    |
284 | fn decode_raw_tx(raw: &[u8]) -> Result<(TxEnv, revm::primitives::B256), String> {
    |                                                ^^^^ use of unresolved module or unlinked crate `revm`
    |
    = help: if you wanted to use a crate named `revm`, use `cargo add revm` to add it to your `Cargo.toml`

error[E0433]: failed to resolve: use of unresolved module or unlinked crate `revm`
   --> crates/itc-rpc/src/handler.rs:301:28
    |
301 |         TransactTo::Create(revm::primitives::CreateScheme::Create)
    |                            ^^^^ use of unresolved module or unlinked crate `revm`
    |
    = help: if you wanted to use a crate named `revm`, use `cargo add revm` to add it to your `Cargo.toml`

error[E0433]: failed to resolve: use of unresolved module or unlinked crate `revm`
  --> crates/itc-rpc/src/types.rs:71:21
   |
71 | pub fn hex_u256(v: &revm::primitives::U256) -> String {
   |                     ^^^^ use of unresolved module or unlinked crate `revm`
   |
   = help: if you wanted to use a crate named `revm`, use `cargo add revm` to add it to your `Cargo.toml`

error[E0433]: failed to resolve: use of unresolved module or unlinked crate `revm`
  --> crates/itc-rpc/src/types.rs:85:41
   |
85 | pub fn parse_address(s: &str) -> Option<revm::primitives::Address> {
   |                                         ^^^^ use of unresolved module or unlinked crate `revm`
   |
   = help: if you wanted to use a crate named `revm`, use `cargo add revm` to add it to your `Cargo.toml`

error[E0433]: failed to resolve: use of unresolved module or unlinked crate `revm`
  --> crates/itc-rpc/src/types.rs:93:10
   |
93 |     Some(revm::primitives::Address::from(arr))
   |          ^^^^ use of unresolved module or unlinked crate `revm`
   |
   = help: if you wanted to use a crate named `revm`, use `cargo add revm` to add it to your `Cargo.toml`

error[E0433]: failed to resolve: use of unresolved module or unlinked crate `revm`
   --> crates/itc-rpc/src/types.rs:103:38
    |
103 | pub fn parse_u256(s: &str) -> Option<revm::primitives::U256> {
    |                                      ^^^^ use of unresolved module or unlinked crate `revm`
    |
    = help: if you wanted to use a crate named `revm`, use `cargo add revm` to add it to your `Cargo.toml`

error[E0433]: failed to resolve: use of unresolved module or unlinked crate `revm`
  --> crates/itc-rpc/src/types.rs:76:33
   |
76 |         .replace("0x", if v == &revm::primitives::U256::ZERO { "0x0" } else { "0x" })
   |                                 ^^^^ use of unresolved module or unlinked crate `revm`
   |
   = help: if you wanted to use a crate named `revm`, use `cargo add revm` to add it to your `Cargo.toml`
help: consider importing one of these items
   |
 3 + use itc_proto::U256;
   |
 3 + use k256::U256;
   |
help: if you import `U256`, refer to it directly
   |
76 -         .replace("0x", if v == &revm::primitives::U256::ZERO { "0x0" } else { "0x" })
76 +         .replace("0x", if v == &U256::ZERO { "0x0" } else { "0x" })
   |

error[E0433]: failed to resolve: use of unresolved module or unlinked crate `revm`
   --> crates/itc-rpc/src/types.rs:112:10
    |
112 |     Some(revm::primitives::U256::from_be_bytes(arr))
    |          ^^^^ use of unresolved module or unlinked crate `revm`
    |
    = help: if you wanted to use a crate named `revm`, use `cargo add revm` to add it to your `Cargo.toml`
help: consider importing one of these items
    |
  3 + use itc_proto::U256;
    |
  3 + use k256::U256;
    |
help: if you import `U256`, refer to it directly
    |
112 -     Some(revm::primitives::U256::from_be_bytes(arr))
112 +     Some(U256::from_be_bytes(arr))
    |

warning: unused import: `crate::types::parse_qty`
  --> crates/itc-rpc/src/ecrecover.rs:18:5
   |
18 | use crate::types::parse_qty;
   |     ^^^^^^^^^^^^^^^^^^^^^^^
   |
   = note: `#[warn(unused_imports)]` (part of `#[warn(unused)]`) on by default

error[E0277]: the trait bound `[u8]: Encodable` is not satisfied
   --> crates/itc-rpc/src/ecrecover.rs:111:19
    |
111 |     stream.append(nonce);
    |            ------ ^^^^^ the trait `Encodable` is not implemented for `[u8]`
    |            |
    |            required by a bound introduced by this call
    |
note: required by a bound in `RlpStream::append`
   --> /root/.cargo/registry/src/index.crates.io-1949cf8c6b5b557f/rlp-0.5.2/src/stream.rs:113:6
    |
111 |     pub fn append<E>(&mut self, value: &E) -> &mut Self
    |            ------ required by a bound in this associated function
112 |     where
113 |         E: Encodable,
    |            ^^^^^^^^^ required by this bound in `RlpStream::append`
help: consider borrowing here
    |
111 |     stream.append(&nonce);
    |                   +

error[E0277]: the size for values of type `[u8]` cannot be known at compilation time
   --> crates/itc-rpc/src/ecrecover.rs:111:19
    |
111 |     stream.append(nonce);
    |            ------ ^^^^^ doesn't have a size known at compile-time
    |            |
    |            required by a bound introduced by this call
    |
    = help: the trait `Sized` is not implemented for `[u8]`
note: required by an implicit `Sized` bound in `RlpStream::append`
   --> /root/.cargo/registry/src/index.crates.io-1949cf8c6b5b557f/rlp-0.5.2/src/stream.rs:111:16
    |
111 |     pub fn append<E>(&mut self, value: &E) -> &mut Self
    |                   ^ required by the implicit `Sized` requirement on this type parameter in `RlpStream::append`

error[E0277]: the trait bound `[u8]: Encodable` is not satisfied
   --> crates/itc-rpc/src/ecrecover.rs:112:19
    |
112 |     stream.append(gas_price);
    |            ------ ^^^^^^^^^ the trait `Encodable` is not implemented for `[u8]`
    |            |
    |            required by a bound introduced by this call
    |
note: required by a bound in `RlpStream::append`
   --> /root/.cargo/registry/src/index.crates.io-1949cf8c6b5b557f/rlp-0.5.2/src/stream.rs:113:6
    |
111 |     pub fn append<E>(&mut self, value: &E) -> &mut Self
    |            ------ required by a bound in this associated function
112 |     where
113 |         E: Encodable,
    |            ^^^^^^^^^ required by this bound in `RlpStream::append`
help: consider borrowing here
    |
112 |     stream.append(&gas_price);
    |                   +

error[E0277]: the size for values of type `[u8]` cannot be known at compilation time
   --> crates/itc-rpc/src/ecrecover.rs:112:19
    |
112 |     stream.append(gas_price);
    |            ------ ^^^^^^^^^ doesn't have a size known at compile-time
    |            |
    |            required by a bound introduced by this call
    |
    = help: the trait `Sized` is not implemented for `[u8]`
note: required by an implicit `Sized` bound in `RlpStream::append`
   --> /root/.cargo/registry/src/index.crates.io-1949cf8c6b5b557f/rlp-0.5.2/src/stream.rs:111:16
    |
111 |     pub fn append<E>(&mut self, value: &E) -> &mut Self
    |                   ^ required by the implicit `Sized` requirement on this type parameter in `RlpStream::append`

error[E0277]: the trait bound `[u8]: Encodable` is not satisfied
   --> crates/itc-rpc/src/ecrecover.rs:113:19
    |
113 |     stream.append(gas_limit);
    |            ------ ^^^^^^^^^ the trait `Encodable` is not implemented for `[u8]`
    |            |
    |            required by a bound introduced by this call
    |
note: required by a bound in `RlpStream::append`
   --> /root/.cargo/registry/src/index.crates.io-1949cf8c6b5b557f/rlp-0.5.2/src/stream.rs:113:6
    |
111 |     pub fn append<E>(&mut self, value: &E) -> &mut Self
    |            ------ required by a bound in this associated function
112 |     where
113 |         E: Encodable,
    |            ^^^^^^^^^ required by this bound in `RlpStream::append`
help: consider borrowing here
    |
113 |     stream.append(&gas_limit);
    |                   +

error[E0277]: the size for values of type `[u8]` cannot be known at compilation time
   --> crates/itc-rpc/src/ecrecover.rs:113:19
    |
113 |     stream.append(gas_limit);
    |            ------ ^^^^^^^^^ doesn't have a size known at compile-time
    |            |
    |            required by a bound introduced by this call
    |
    = help: the trait `Sized` is not implemented for `[u8]`
note: required by an implicit `Sized` bound in `RlpStream::append`
   --> /root/.cargo/registry/src/index.crates.io-1949cf8c6b5b557f/rlp-0.5.2/src/stream.rs:111:16
    |
111 |     pub fn append<E>(&mut self, value: &E) -> &mut Self
    |                   ^ required by the implicit `Sized` requirement on this type parameter in `RlpStream::append`

error[E0277]: the trait bound `[u8]: Encodable` is not satisfied
   --> crates/itc-rpc/src/ecrecover.rs:114:19
    |
114 |     stream.append(to);
    |            ------ ^^ the trait `Encodable` is not implemented for `[u8]`
    |            |
    |            required by a bound introduced by this call
    |
note: required by a bound in `RlpStream::append`
   --> /root/.cargo/registry/src/index.crates.io-1949cf8c6b5b557f/rlp-0.5.2/src/stream.rs:113:6
    |
111 |     pub fn append<E>(&mut self, value: &E) -> &mut Self
    |            ------ required by a bound in this associated function
112 |     where
113 |         E: Encodable,
    |            ^^^^^^^^^ required by this bound in `RlpStream::append`
help: consider borrowing here
    |
114 |     stream.append(&to);
    |                   +

error[E0277]: the size for values of type `[u8]` cannot be known at compilation time
   --> crates/itc-rpc/src/ecrecover.rs:114:19
    |
114 |     stream.append(to);
    |            ------ ^^ doesn't have a size known at compile-time
    |            |
    |            required by a bound introduced by this call
    |
    = help: the trait `Sized` is not implemented for `[u8]`
note: required by an implicit `Sized` bound in `RlpStream::append`
   --> /root/.cargo/registry/src/index.crates.io-1949cf8c6b5b557f/rlp-0.5.2/src/stream.rs:111:16
    |
111 |     pub fn append<E>(&mut self, value: &E) -> &mut Self
    |                   ^ required by the implicit `Sized` requirement on this type parameter in `RlpStream::append`

error[E0277]: the trait bound `[u8]: Encodable` is not satisfied
   --> crates/itc-rpc/src/ecrecover.rs:115:19
    |
115 |     stream.append(value);
    |            ------ ^^^^^ the trait `Encodable` is not implemented for `[u8]`
    |            |
    |            required by a bound introduced by this call
    |
note: required by a bound in `RlpStream::append`
   --> /root/.cargo/registry/src/index.crates.io-1949cf8c6b5b557f/rlp-0.5.2/src/stream.rs:113:6
    |
111 |     pub fn append<E>(&mut self, value: &E) -> &mut Self
    |            ------ required by a bound in this associated function
112 |     where
113 |         E: Encodable,
    |            ^^^^^^^^^ required by this bound in `RlpStream::append`
help: consider borrowing here
    |
115 |     stream.append(&value);
    |                   +

error[E0277]: the size for values of type `[u8]` cannot be known at compilation time
   --> crates/itc-rpc/src/ecrecover.rs:115:19
    |
115 |     stream.append(value);
    |            ------ ^^^^^ doesn't have a size known at compile-time
    |            |
    |            required by a bound introduced by this call
    |
    = help: the trait `Sized` is not implemented for `[u8]`
note: required by an implicit `Sized` bound in `RlpStream::append`
   --> /root/.cargo/registry/src/index.crates.io-1949cf8c6b5b557f/rlp-0.5.2/src/stream.rs:111:16
    |
111 |     pub fn append<E>(&mut self, value: &E) -> &mut Self
    |                   ^ required by the implicit `Sized` requirement on this type parameter in `RlpStream::append`

error[E0277]: the trait bound `[u8]: Encodable` is not satisfied
   --> crates/itc-rpc/src/ecrecover.rs:116:19
    |
116 |     stream.append(data);
    |            ------ ^^^^ the trait `Encodable` is not implemented for `[u8]`
    |            |
    |            required by a bound introduced by this call
    |
note: required by a bound in `RlpStream::append`
   --> /root/.cargo/registry/src/index.crates.io-1949cf8c6b5b557f/rlp-0.5.2/src/stream.rs:113:6
    |
111 |     pub fn append<E>(&mut self, value: &E) -> &mut Self
    |            ------ required by a bound in this associated function
112 |     where
113 |         E: Encodable,
    |            ^^^^^^^^^ required by this bound in `RlpStream::append`
help: consider borrowing here
    |
116 |     stream.append(&data);
    |                   +

error[E0277]: the size for values of type `[u8]` cannot be known at compilation time
   --> crates/itc-rpc/src/ecrecover.rs:116:19
    |
116 |     stream.append(data);
    |            ------ ^^^^ doesn't have a size known at compile-time
    |            |
    |            required by a bound introduced by this call
    |
    = help: the trait `Sized` is not implemented for `[u8]`
note: required by an implicit `Sized` bound in `RlpStream::append`
   --> /root/.cargo/registry/src/index.crates.io-1949cf8c6b5b557f/rlp-0.5.2/src/stream.rs:111:16
    |
111 |     pub fn append<E>(&mut self, value: &E) -> &mut Self
    |                   ^ required by the implicit `Sized` requirement on this type parameter in `RlpStream::append`

error[E0277]: the trait bound `[u8]: Encodable` is not satisfied
   --> crates/itc-rpc/src/ecrecover.rs:128:19
    |
128 |     stream.append(nonce);
    |            ------ ^^^^^ the trait `Encodable` is not implemented for `[u8]`
    |            |
    |            required by a bound introduced by this call
    |
note: required by a bound in `RlpStream::append`
   --> /root/.cargo/registry/src/index.crates.io-1949cf8c6b5b557f/rlp-0.5.2/src/stream.rs:113:6
    |
111 |     pub fn append<E>(&mut self, value: &E) -> &mut Self
    |            ------ required by a bound in this associated function
112 |     where
113 |         E: Encodable,
    |            ^^^^^^^^^ required by this bound in `RlpStream::append`
help: consider borrowing here
    |
128 |     stream.append(&nonce);
    |                   +

error[E0277]: the size for values of type `[u8]` cannot be known at compilation time
   --> crates/itc-rpc/src/ecrecover.rs:128:19
    |
128 |     stream.append(nonce);
    |            ------ ^^^^^ doesn't have a size known at compile-time
    |            |
    |            required by a bound introduced by this call
    |
    = help: the trait `Sized` is not implemented for `[u8]`
note: required by an implicit `Sized` bound in `RlpStream::append`
   --> /root/.cargo/registry/src/index.crates.io-1949cf8c6b5b557f/rlp-0.5.2/src/stream.rs:111:16
    |
111 |     pub fn append<E>(&mut self, value: &E) -> &mut Self
    |                   ^ required by the implicit `Sized` requirement on this type parameter in `RlpStream::append`

error[E0277]: the trait bound `[u8]: Encodable` is not satisfied
   --> crates/itc-rpc/src/ecrecover.rs:129:19
    |
129 |     stream.append(gas_price);
    |            ------ ^^^^^^^^^ the trait `Encodable` is not implemented for `[u8]`
    |            |
    |            required by a bound introduced by this call
    |
note: required by a bound in `RlpStream::append`
   --> /root/.cargo/registry/src/index.crates.io-1949cf8c6b5b557f/rlp-0.5.2/src/stream.rs:113:6
    |
111 |     pub fn append<E>(&mut self, value: &E) -> &mut Self
    |            ------ required by a bound in this associated function
112 |     where
113 |         E: Encodable,
    |            ^^^^^^^^^ required by this bound in `RlpStream::append`
help: consider borrowing here
    |
129 |     stream.append(&gas_price);
    |                   +

error[E0277]: the size for values of type `[u8]` cannot be known at compilation time
   --> crates/itc-rpc/src/ecrecover.rs:129:19
    |
129 |     stream.append(gas_price);
    |            ------ ^^^^^^^^^ doesn't have a size known at compile-time
    |            |
    |            required by a bound introduced by this call
    |
    = help: the trait `Sized` is not implemented for `[u8]`
note: required by an implicit `Sized` bound in `RlpStream::append`
   --> /root/.cargo/registry/src/index.crates.io-1949cf8c6b5b557f/rlp-0.5.2/src/stream.rs:111:16
    |
111 |     pub fn append<E>(&mut self, value: &E) -> &mut Self
    |                   ^ required by the implicit `Sized` requirement on this type parameter in `RlpStream::append`

error[E0277]: the trait bound `[u8]: Encodable` is not satisfied
   --> crates/itc-rpc/src/ecrecover.rs:130:19
    |
130 |     stream.append(gas_limit);
    |            ------ ^^^^^^^^^ the trait `Encodable` is not implemented for `[u8]`
    |            |
    |            required by a bound introduced by this call
    |
note: required by a bound in `RlpStream::append`
   --> /root/.cargo/registry/src/index.crates.io-1949cf8c6b5b557f/rlp-0.5.2/src/stream.rs:113:6
    |
111 |     pub fn append<E>(&mut self, value: &E) -> &mut Self
    |            ------ required by a bound in this associated function
112 |     where
113 |         E: Encodable,
    |            ^^^^^^^^^ required by this bound in `RlpStream::append`
help: consider borrowing here
    |
130 |     stream.append(&gas_limit);
    |                   +

error[E0277]: the size for values of type `[u8]` cannot be known at compilation time
   --> crates/itc-rpc/src/ecrecover.rs:130:19
    |
130 |     stream.append(gas_limit);
    |            ------ ^^^^^^^^^ doesn't have a size known at compile-time
    |            |
    |            required by a bound introduced by this call
    |
    = help: the trait `Sized` is not implemented for `[u8]`
note: required by an implicit `Sized` bound in `RlpStream::append`
   --> /root/.cargo/registry/src/index.crates.io-1949cf8c6b5b557f/rlp-0.5.2/src/stream.rs:111:16
    |
111 |     pub fn append<E>(&mut self, value: &E) -> &mut Self
    |                   ^ required by the implicit `Sized` requirement on this type parameter in `RlpStream::append`

error[E0277]: the trait bound `[u8]: Encodable` is not satisfied
   --> crates/itc-rpc/src/ecrecover.rs:131:19
    |
131 |     stream.append(to);
    |            ------ ^^ the trait `Encodable` is not implemented for `[u8]`
    |            |
    |            required by a bound introduced by this call
    |
note: required by a bound in `RlpStream::append`
   --> /root/.cargo/registry/src/index.crates.io-1949cf8c6b5b557f/rlp-0.5.2/src/stream.rs:113:6
    |
111 |     pub fn append<E>(&mut self, value: &E) -> &mut Self
    |            ------ required by a bound in this associated function
112 |     where
113 |         E: Encodable,
    |            ^^^^^^^^^ required by this bound in `RlpStream::append`
help: consider borrowing here
    |
131 |     stream.append(&to);
    |                   +

error[E0277]: the size for values of type `[u8]` cannot be known at compilation time
   --> crates/itc-rpc/src/ecrecover.rs:131:19
    |
131 |     stream.append(to);
    |            ------ ^^ doesn't have a size known at compile-time
    |            |
    |            required by a bound introduced by this call
    |
    = help: the trait `Sized` is not implemented for `[u8]`
note: required by an implicit `Sized` bound in `RlpStream::append`
   --> /root/.cargo/registry/src/index.crates.io-1949cf8c6b5b557f/rlp-0.5.2/src/stream.rs:111:16
    |
111 |     pub fn append<E>(&mut self, value: &E) -> &mut Self
    |                   ^ required by the implicit `Sized` requirement on this type parameter in `RlpStream::append`

error[E0277]: the trait bound `[u8]: Encodable` is not satisfied
   --> crates/itc-rpc/src/ecrecover.rs:132:19
    |
132 |     stream.append(value);
    |            ------ ^^^^^ the trait `Encodable` is not implemented for `[u8]`
    |            |
    |            required by a bound introduced by this call
    |
note: required by a bound in `RlpStream::append`
   --> /root/.cargo/registry/src/index.crates.io-1949cf8c6b5b557f/rlp-0.5.2/src/stream.rs:113:6
    |
111 |     pub fn append<E>(&mut self, value: &E) -> &mut Self
    |            ------ required by a bound in this associated function
112 |     where
113 |         E: Encodable,
    |            ^^^^^^^^^ required by this bound in `RlpStream::append`
help: consider borrowing here
    |
132 |     stream.append(&value);
    |                   +

error[E0277]: the size for values of type `[u8]` cannot be known at compilation time
   --> crates/itc-rpc/src/ecrecover.rs:132:19
    |
132 |     stream.append(value);
    |            ------ ^^^^^ doesn't have a size known at compile-time
    |            |
    |            required by a bound introduced by this call
    |
    = help: the trait `Sized` is not implemented for `[u8]`
note: required by an implicit `Sized` bound in `RlpStream::append`
   --> /root/.cargo/registry/src/index.crates.io-1949cf8c6b5b557f/rlp-0.5.2/src/stream.rs:111:16
    |
111 |     pub fn append<E>(&mut self, value: &E) -> &mut Self
    |                   ^ required by the implicit `Sized` requirement on this type parameter in `RlpStream::append`

error[E0277]: the trait bound `[u8]: Encodable` is not satisfied
   --> crates/itc-rpc/src/ecrecover.rs:133:19
    |
133 |     stream.append(data);
    |            ------ ^^^^ the trait `Encodable` is not implemented for `[u8]`
    |            |
    |            required by a bound introduced by this call
    |
note: required by a bound in `RlpStream::append`
   --> /root/.cargo/registry/src/index.crates.io-1949cf8c6b5b557f/rlp-0.5.2/src/stream.rs:113:6
    |
111 |     pub fn append<E>(&mut self, value: &E) -> &mut Self
    |            ------ required by a bound in this associated function
112 |     where
113 |         E: Encodable,
    |            ^^^^^^^^^ required by this bound in `RlpStream::append`
help: consider borrowing here
    |
133 |     stream.append(&data);
    |                   +

error[E0277]: the size for values of type `[u8]` cannot be known at compilation time
   --> crates/itc-rpc/src/ecrecover.rs:133:19
    |
133 |     stream.append(data);
    |            ------ ^^^^ doesn't have a size known at compile-time
    |            |
    |            required by a bound introduced by this call
    |
    = help: the trait `Sized` is not implemented for `[u8]`
note: required by an implicit `Sized` bound in `RlpStream::append`
   --> /root/.cargo/registry/src/index.crates.io-1949cf8c6b5b557f/rlp-0.5.2/src/stream.rs:111:16
    |
111 |     pub fn append<E>(&mut self, value: &E) -> &mut Self
    |                   ^ required by the implicit `Sized` requirement on this type parameter in `RlpStream::append`

error[E0599]: no method named `basic` found for struct `NedbState` in the current scope
   --> crates/itc-rpc/src/handler.rs:198:18
    |
198 |     evm.cache.db.basic(addr)
    |                  ^^^^^ method not found in `NedbState`
    |
   ::: /root/.cargo/registry/src/index.crates.io-1949cf8c6b5b557f/revm-primitives-1.3.0/src/db.rs:48:8
    |
 48 |     fn basic(&self, address: Address) -> Result<Option<AccountInfo>, Self::Error>;
    |        ----- the method is available for `NedbState` here
    |
    = help: items from traits can only be used if the trait is in scope
help: trait `DatabaseRef` which provides `basic` is implemented but not in scope; perhaps you want to import it
    |
  3 + use revm_primitives::db::DatabaseRef;
    |

error[E0599]: no method named `basic` found for struct `NedbState` in the current scope
   --> crates/itc-rpc/src/handler.rs:207:18
    |
207 |     evm.cache.db.basic(addr)
    |                  ^^^^^ method not found in `NedbState`
    |
   ::: /root/.cargo/registry/src/index.crates.io-1949cf8c6b5b557f/revm-primitives-1.3.0/src/db.rs:48:8
    |
 48 |     fn basic(&self, address: Address) -> Result<Option<AccountInfo>, Self::Error>;
    |        ----- the method is available for `NedbState` here
    |
    = help: items from traits can only be used if the trait is in scope
help: trait `DatabaseRef` which provides `basic` is implemented but not in scope; perhaps you want to import it
    |
  3 + use revm_primitives::db::DatabaseRef;
    |

error[E0599]: no method named `basic` found for struct `NedbState` in the current scope
   --> crates/itc-rpc/src/handler.rs:216:29
    |
216 |     let info = evm.cache.db.basic(addr).ok().flatten();
    |                             ^^^^^ method not found in `NedbState`
    |
   ::: /root/.cargo/registry/src/index.crates.io-1949cf8c6b5b557f/revm-primitives-1.3.0/src/db.rs:48:8
    |
 48 |     fn basic(&self, address: Address) -> Result<Option<AccountInfo>, Self::Error>;
    |        ----- the method is available for `NedbState` here
    |
    = help: items from traits can only be used if the trait is in scope
help: trait `DatabaseRef` which provides `basic` is implemented but not in scope; perhaps you want to import it
    |
  3 + use revm_primitives::db::DatabaseRef;
    |

error[E0599]: no method named `code_by_hash` found for struct `NedbState` in the current scope
   --> crates/itc-rpc/src/handler.rs:219:26
    |
219 |             evm.cache.db.code_by_hash(i.code_hash)
    |                          ^^^^^^^^^^^^ method not found in `NedbState`
    |
   ::: /root/.cargo/registry/src/index.crates.io-1949cf8c6b5b557f/revm-primitives-1.3.0/src/db.rs:51:8
    |
 51 |     fn code_by_hash(&self, code_hash: B256) -> Result<Bytecode, Self::Error>;
    |        ------------ the method is available for `NedbState` here
    |
    = help: items from traits can only be used if the trait is in scope
help: trait `DatabaseRef` which provides `code_by_hash` is implemented but not in scope; perhaps you want to import it
    |
  3 + use revm_primitives::db::DatabaseRef;
    |

error[E0282]: type annotations needed
   --> crates/itc-rpc/src/handler.rs:221:23
    |
221 |                 .map(|code| code.bytes().to_vec())
    |                       ^^^^  ---- type must be known at this point
    |
help: consider giving this closure parameter an explicit type
    |
221 |                 .map(|code: /* Type */| code.bytes().to_vec())
    |                           ++++++++++++

error[E0599]: no method named `basic` found for struct `NedbState` in the current scope
   --> crates/itc-oracle/src/utxo.rs:145:14
    |
144 |           let existing = state
    |  ________________________-
145 | |             .basic(addr)
    | |             -^^^^^ method not found in `NedbState`
    | |_____________|
    |
    |
   ::: /root/.cargo/registry/src/index.crates.io-1949cf8c6b5b557f/revm-primitives-1.3.0/src/db.rs:48:8
    |
 48 |       fn basic(&self, address: Address) -> Result<Option<AccountInfo>, Self::Error>;
    |          ----- the method is available for `NedbState` here
    |
    = help: items from traits can only be used if the trait is in scope
help: trait `DatabaseRef` which provides `basic` is implemented but not in scope; perhaps you want to import it
    |
 18 + use revm_primitives::db::DatabaseRef;
    |

error[E0502]: cannot borrow `*self` as immutable because it is also borrowed as mutable
   --> crates/itc-oracle/src/oracle.rs:245:19
    |
233 |         for p in self.pending.drain(..) {
    |                  ----------------------
    |                  |
    |                  mutable borrow occurs here
    |                  mutable borrow later used here
...
245 |             match self.mint_net(&p.deposit, net_sats) {
    |                   ^^^^ immutable borrow occurs here

Some errors have detailed explanations: E0433, E0502, E0599.
For more information about an error, try `rustc --explain E0433`.
error[E0599]: no function or associated item named `from_reader` found for struct `Response<R>` in the current scope
   --> crates/itc-rpc/src/server.rs:92:38
    |
 92 |                 let resp = Response::from_reader(Cursor::new(body.clone()))
    |                                      ^^^^^^^^^^^ function or associated item not found in `Response<_>`
    |
note: if you're trying to build a new `Response<_>` consider using one of the following associated functions:
      Response::<R>::new
      Response::<File>::from_file
      Response::<std::io::Cursor<Vec<u8>>>::from_data
      Response::<std::io::Cursor<Vec<u8>>>::from_string
      and 2 others
   --> /root/.cargo/registry/src/index.crates.io-1949cf8c6b5b557f/tiny_http-0.12.0/src/response.rs:196:5
    |
196 | /     pub fn new(
197 | |         status_code: StatusCode,
198 | |         headers: Vec<Header>,
199 | |         data: R,
200 | |         data_length: Option<usize>,
201 | |         additional_headers: Option<Receiver<Header>>,
202 | |     ) -> Response<R> {
    | |____________________^
...
493 |       pub fn from_file(file: File) -> Response<File> {
    |       ^^^^^^^^^^^^^^^^^^^^^^^^^^^^^^^^^^^^^^^^^^^^^^
...
507 | /     pub fn from_data<D>(data: D) -> Response<Cursor<Vec<u8>>>
508 | |     where
509 | |         D: Into<Vec<u8>>,
    | |_________________________^
...
523 | /     pub fn from_string<S>(data: S) -> Response<Cursor<Vec<u8>>>
524 | |     where
525 | |         S: Into<String>,
    | |________________________^
help: there is an associated function `from_ref` with a similar name
    |
 92 -                 let resp = Response::from_reader(Cursor::new(body.clone()))
 92 +                 let resp = Response::from_ref(Cursor::new(body.clone()))
    |

warning: unused import: `Read`
 --> crates/itc-rpc/src/server.rs:8:23
  |
8 | use std::io::{Cursor, Read};
  |                       ^^^^

Some errors have detailed explanations: E0277, E0282, E0433, E0599.
For more information about an error, try `rustc --explain E0277`.
error: could not compile `itc-oracle` (lib) due to 6 previous errors
warning: build failed, waiting for other jobs to finish...
warning: `itc-rpc` (lib) generated 2 warnings
error: could not compile `itc-rpc` (lib) due to 49 previous errors; 2 warnings emitted
